ERROR - 2026-07-11 02:11:09 --> Error connecting to the database: mysqli_sql_exception: No connection could be made because the target machine actively refused it in C:\xampp\htdocs\vietlethanh\system\Database\MySQLi\Connection.php:201
Stack trace:
#0 C:\xampp\htdocs\vietlethanh\system\Database\MySQLi\Connection.php(201): mysqli->real_connect('localhost', 'root', Object(SensitiveParameterValue), '', 3306, '', 0)
#1 C:\xampp\htdocs\vietlethanh\system\Database\BaseConnection.php(555): CodeIgniter\Database\MySQLi\Connection->connect(false)
#2 C:\xampp\htdocs\vietlethanh\system\Database\Database.php(74): CodeIgniter\Database\BaseConnection->initialize()
#3 C:\xampp\htdocs\vietlethanh\system\Database\Config.php(111): CodeIgniter\Database\Database->loadForge(Object(CodeIgniter\Database\MySQLi\Connection))
#4 C:\xampp\htdocs\vietlethanh\system\Commands\Database\CreateDatabase.php(136): CodeIgniter\Database\Config::forge()
#5 C:\xampp\htdocs\vietlethanh\system\CLI\Commands.php(72): CodeIgniter\Commands\Database\CreateDatabase->run(Array)
#6 C:\xampp\htdocs\vietlethanh\system\CLI\Console.php(47): CodeIgniter\CLI\Commands->run('db:create', Array)
#7 C:\xampp\htdocs\vietlethanh\system\Boot.php(444): CodeIgniter\CLI\Console->run()
#8 C:\xampp\htdocs\vietlethanh\system\Boot.php(166): CodeIgniter\Boot::runCommand(Object(CodeIgniter\CLI\Console))
#9 C:\xampp\htdocs\vietlethanh\spark(87): CodeIgniter\Boot::bootSpark(Object(Config\Paths))
#10 {main}

Next CodeIgniter\Database\Exceptions\DatabaseException: No connection could be made because the target machine actively refused it in C:\xampp\htdocs\vietlethanh\system\Database\MySQLi\Connection.php:231
Stack trace:
#0 C:\xampp\htdocs\vietlethanh\system\Database\BaseConnection.php(555): CodeIgniter\Database\MySQLi\Connection->connect(false)
#1 C:\xampp\htdocs\vietlethanh\system\Database\Database.php(74): CodeIgniter\Database\BaseConnection->initialize()
#2 C:\xampp\htdocs\vietlethanh\system\Database\Config.php(111): CodeIgniter\Database\Database->loadForge(Object(CodeIgniter\Database\MySQLi\Connection))
#3 C:\xampp\htdocs\vietlethanh\system\Commands\Database\CreateDatabase.php(136): CodeIgniter\Database\Config::forge()
#4 C:\xampp\htdocs\vietlethanh\system\CLI\Commands.php(72): CodeIgniter\Commands\Database\CreateDatabase->run(Array)
#5 C:\xampp\htdocs\vietlethanh\system\CLI\Console.php(47): CodeIgniter\CLI\Commands->run('db:create', Array)
#6 C:\xampp\htdocs\vietlethanh\system\Boot.php(444): CodeIgniter\CLI\Console->run()
#7 C:\xampp\htdocs\vietlethanh\system\Boot.php(166): CodeIgniter\Boot::runCommand(Object(CodeIgniter\CLI\Console))
#8 C:\xampp\htdocs\vietlethanh\spark(87): CodeIgniter\Boot::bootSpark(Object(Config\Paths))
#9 {main}
CRITICAL - 2026-07-11 03:44:12 --> ErrorException: filter_var(): Unknown filter with ID 0
[Method: POST, Route: admin/milestones/store]
in SYSTEMPATH\HTTP\RequestTrait.php on line 367.
 1 [internal function]: CodeIgniter\Debug\Exceptions->errorHandler(2, 'filter_var(): Unknown filter with ID 0', 'C:\\xampp\\htdocs\\vietlethanh\\system\\HTTP\\RequestTrait.php', 367)
 2 SYSTEMPATH\HTTP\RequestTrait.php(367): filter_var('0', 0, 0)
 3 SYSTEMPATH\HTTP\IncomingRequest.php(587): CodeIgniter\HTTP\Request->fetchGlobal('post', 'sort_order', 0, 0)
 4 APPPATH\Controllers\Admin\Milestone.php(45): CodeIgniter\HTTP\IncomingRequest->getPost('sort_order', 0)
 5 SYSTEMPATH\CodeIgniter.php(974): App\Controllers\Admin\Milestone->store()
 6 SYSTEMPATH\CodeIgniter.php(520): CodeIgniter\CodeIgniter->runController(Object(App\Controllers\Admin\Milestone))
 7 SYSTEMPATH\CodeIgniter.php(363): CodeIgniter\CodeIgniter->handleRequest(null, Object(Config\Cache), false)
 8 SYSTEMPATH\Boot.php(417): CodeIgniter\CodeIgniter->run()
 9 SYSTEMPATH\Boot.php(68): CodeIgniter\Boot::runCodeIgniter(Object(CodeIgniter\CodeIgniter))
10 FCPATH\index.php(59): CodeIgniter\Boot::bootWeb(Object(Config\Paths))
CRITICAL - 2026-07-11 04:24:41 --> TypeError: App\Controllers\Admin\About::index(): Return value must be of type string, CodeIgniter\HTTP\RedirectResponse returned
[Method: GET, Route: admin/about]
in APPPATH\Controllers\Admin\About.php on line 26.
 1 SYSTEMPATH\CodeIgniter.php(974): App\Controllers\Admin\About->index()
 2 SYSTEMPATH\CodeIgniter.php(520): CodeIgniter\CodeIgniter->runController(Object(App\Controllers\Admin\About))
 3 SYSTEMPATH\CodeIgniter.php(363): CodeIgniter\CodeIgniter->handleRequest(null, Object(Config\Cache), false)
 4 SYSTEMPATH\Boot.php(417): CodeIgniter\CodeIgniter->run()
 5 SYSTEMPATH\Boot.php(68): CodeIgniter\Boot::runCodeIgniter(Object(CodeIgniter\CodeIgniter))
 6 FCPATH\index.php(59): CodeIgniter\Boot::bootWeb(Object(Config\Paths))
CRITICAL - 2026-07-11 04:25:05 --> TypeError: App\Controllers\Admin\About::index(): Return value must be of type string, CodeIgniter\HTTP\RedirectResponse returned
[Method: GET, Route: admin/about]
in APPPATH\Controllers\Admin\About.php on line 26.
 1 SYSTEMPATH\CodeIgniter.php(974): App\Controllers\Admin\About->index()
 2 SYSTEMPATH\CodeIgniter.php(520): CodeIgniter\CodeIgniter->runController(Object(App\Controllers\Admin\About))
 3 SYSTEMPATH\CodeIgniter.php(363): CodeIgniter\CodeIgniter->handleRequest(null, Object(Config\Cache), false)
 4 SYSTEMPATH\Boot.php(417): CodeIgniter\CodeIgniter->run()
 5 SYSTEMPATH\Boot.php(68): CodeIgniter\Boot::runCodeIgniter(Object(CodeIgniter\CodeIgniter))
 6 FCPATH\index.php(59): CodeIgniter\Boot::bootWeb(Object(Config\Paths))
CRITICAL - 2026-07-11 04:35:07 --> TypeError: App\Controllers\Admin\About::index(): Return value must be of type string, CodeIgniter\HTTP\RedirectResponse returned
[Method: GET, Route: admin/about]
in APPPATH\Controllers\Admin\About.php on line 26.
 1 SYSTEMPATH\CodeIgniter.php(974): App\Controllers\Admin\About->index()
 2 SYSTEMPATH\CodeIgniter.php(520): CodeIgniter\CodeIgniter->runController(Object(App\Controllers\Admin\About))
 3 SYSTEMPATH\CodeIgniter.php(363): CodeIgniter\CodeIgniter->handleRequest(null, Object(Config\Cache), false)
 4 SYSTEMPATH\Boot.php(417): CodeIgniter\CodeIgniter->run()
 5 SYSTEMPATH\Boot.php(68): CodeIgniter\Boot::runCodeIgniter(Object(CodeIgniter\CodeIgniter))
 6 FCPATH\index.php(59): CodeIgniter\Boot::bootWeb(Object(Config\Paths))
CRITICAL - 2026-07-11 05:00:24 --> ErrorException: finfo_file(C:\xampp\tmp\phpBDA8.tmp): Failed to open stream: No such file or directory
[Method: POST, Route: admin/documents/store]
in SYSTEMPATH\Files\File.php on line 136.
 1 [internal function]: CodeIgniter\Debug\Exceptions->errorHandler(2, 'finfo_file(C:\\xampp\\tmp\\phpBDA8.tmp): Failed to open stream: No such file or directory', 'C:\\xampp\\htdocs\\vietlethanh\\system\\Files\\File.php', 136)
 2 SYSTEMPATH\Files\File.php(136): finfo_file(Object(finfo), 'C:\\xampp\\tmp\\phpBDA8.tmp')
 3 APPPATH\Controllers\Admin\Document.php(179): CodeIgniter\Files\File->getMimeType()
 4 APPPATH\Controllers\Admin\Document.php(64): App\Controllers\Admin\Document->uploadDocumentFile()
 5 SYSTEMPATH\CodeIgniter.php(974): App\Controllers\Admin\Document->store()
 6 SYSTEMPATH\CodeIgniter.php(520): CodeIgniter\CodeIgniter->runController(Object(App\Controllers\Admin\Document))
 7 SYSTEMPATH\CodeIgniter.php(363): CodeIgniter\CodeIgniter->handleRequest(null, Object(Config\Cache), false)
 8 SYSTEMPATH\Boot.php(417): CodeIgniter\CodeIgniter->run()
 9 SYSTEMPATH\Boot.php(68): CodeIgniter\Boot::runCodeIgniter(Object(CodeIgniter\CodeIgniter))
10 FCPATH\index.php(59): CodeIgniter\Boot::bootWeb(Object(Config\Paths))
